<?xml version="1.0" encoding="UTF-8"?>
<!-- Generated by org.testng.reporters.JUnitXMLReporter -->
<testsuite ignored="0" hostname="DESKTOP-M5Q8D8L" failures="0" tests="3" name="Surefire test" time="3.241" errors="0" timestamp="2026-03-24T14:28:05 ICT">
  <testcase classname="api.SchemaValidationTest" name="testCreateUserSchema" time="0.871"/>
  <testcase classname="api.SchemaValidationTest" name="testSingleUserSchema" time="0.065"/>
  <testcase classname="api.SchemaValidationTest" name="testUserListSchema" time="0.685"/>
</testsuite> <!-- Surefire test -->
