<?xml version="1.0" encoding="UTF-8"?>
<!-- Generated by org.testng.reporters.JUnitXMLReporter -->
<testsuite ignored="0" hostname="DESKTOP-M5Q8D8L" failures="0" tests="4" name="Parallel Tests" time="26.502" errors="0" timestamp="2026-03-10T14:30:44 ICT">
  <testcase classname="dtm.ParallelLoginTest" name="testLoginPageTitleParallel" time="0.018"/>
  <testcase classname="dtm.ParallelCartTest" name="testAddToCartParallel" time="0.17"/>
  <testcase classname="dtm.ParallelLoginTest" name="testLoginSuccessParallel" time="0.452"/>
  <testcase classname="dtm.ParallelCartTest" name="testInventoryUrlParallel" time="0.01"/>
</testsuite> <!-- Parallel Tests -->
