<?xml version="1.0" encoding="UTF-8"?>
<!-- Generated by org.testng.reporters.JUnitXMLReporter -->
<testsuite ignored="0" hostname="DESKTOP-M5Q8D8L" failures="0" tests="2" name="Surefire test" time="8.206" errors="0" timestamp="2026-03-24T15:19:38 ICT">
  <testcase classname="integration.ApiUiIntegrationTest" name="testFullUiFlowOnlyWhenApiAlive" time="1.379"/>
  <testcase classname="integration.ApiUiIntegrationTest" name="testUiLoginOnlyWhenApiPreconditionPass" time="1.201"/>
</testsuite> <!-- Surefire test -->
