<?xml version="1.0" encoding="UTF-8"?>
<!-- Generated by org.testng.reporters.JUnitReportReporter -->
<testsuite hostname="DESKTOP-M5Q8D8L" failures="0" tests="2" name="integration.ApiUiIntegrationTest" time="7.174" errors="0" timestamp="2026-03-24T15:19:38 ICT" skipped="0">
  <testcase classname="integration.ApiUiIntegrationTest" name="testUiLoginOnlyWhenApiPreconditionPass" time="4.265"/>
  <testcase classname="integration.ApiUiIntegrationTest" name="testFullUiFlowOnlyWhenApiAlive" time="2.909"/>
</testsuite> <!-- integration.ApiUiIntegrationTest -->
