<?xml version="1.0" encoding="UTF-8"?>
<testng-results ignored="0" total="5" passed="5" failed="0" skipped="0">
  <reporter-output>
  </reporter-output>
  <suite started-at="2026-03-10T15:21:26 ICT" name="Suite5" finished-at="2026-03-10T15:21:26 ICT" duration-ms="56">
    <groups>
    </groups>
    <test started-at="2026-03-10T15:21:26 ICT" name="VayVonMCDCTest" finished-at="2026-03-10T15:21:26 ICT" duration-ms="56">
      <class name="VayVonMCDCTest">
        <test-method signature="testMCDC_CoSo_DiemTinDungTot()[pri:0, instance:VayVonMCDCTest@75329a49]" started-at="2026-03-10T15:21:26 ICT" name="testMCDC_CoSo_DiemTinDungTot" description="MC/DC co so: khong co tai san, diem tin dung tot van du dieu kien vay" finished-at="2026-03-10T15:21:26 ICT" duration-ms="10" status="PASS">
          <reporter-output>
          </reporter-output>
        </test-method> <!-- testMCDC_CoSo_DiemTinDungTot -->
        <test-method signature="testMCDC_CoTaiSanDocLap_True()[pri:0, instance:VayVonMCDCTest@75329a49]" started-at="2026-03-10T15:21:26 ICT" name="testMCDC_CoTaiSanDocLap_True" description="MC/DC cho C: co tai san bao lanh = true, du dieu kien vay" finished-at="2026-03-10T15:21:26 ICT" duration-ms="0" status="PASS">
          <reporter-output>
          </reporter-output>
        </test-method> <!-- testMCDC_CoTaiSanDocLap_True -->
        <test-method signature="testMCDC_DiemTinDungDocLap_ThapHon700()[pri:0, instance:VayVonMCDCTest@75329a49]" started-at="2026-03-10T15:21:26 ICT" name="testMCDC_DiemTinDungDocLap_ThapHon700" description="MC/DC cho D: diem tin dung &lt; 700 lam ket qua chuyen sang false" finished-at="2026-03-10T15:21:26 ICT" duration-ms="0" status="PASS">
          <reporter-output>
          </reporter-output>
        </test-method> <!-- testMCDC_DiemTinDungDocLap_ThapHon700 -->
        <test-method signature="testMCDC_ThuNhapDocLap_ThapHon10Trieu()[pri:0, instance:VayVonMCDCTest@75329a49]" started-at="2026-03-10T15:21:26 ICT" name="testMCDC_ThuNhapDocLap_ThapHon10Trieu" description="MC/DC cho B: thu nhap &lt; 10 trieu lam ket qua chuyen sang false" finished-at="2026-03-10T15:21:26 ICT" duration-ms="0" status="PASS">
          <reporter-output>
          </reporter-output>
        </test-method> <!-- testMCDC_ThuNhapDocLap_ThapHon10Trieu -->
        <test-method signature="testMCDC_TuoiDocLap_ThapHon22()[pri:0, instance:VayVonMCDCTest@75329a49]" started-at="2026-03-10T15:21:26 ICT" name="testMCDC_TuoiDocLap_ThapHon22" description="MC/DC cho A: tuoi &lt; 22 lam ket qua chuyen sang false" finished-at="2026-03-10T15:21:26 ICT" duration-ms="2" status="PASS">
          <reporter-output>
          </reporter-output>
        </test-method> <!-- testMCDC_TuoiDocLap_ThapHon22 -->
      </class> <!-- VayVonMCDCTest -->
    </test> <!-- VayVonMCDCTest -->
  </suite> <!-- Suite5 -->
</testng-results>
