<?xml version="1.0" encoding="UTF-8"?>
<testsuite xmlns:xsi="http://www.w3.org/2001/XMLSchema-instance" xsi:noNamespaceSchemaLocation="https://maven.apache.org/surefire/maven-surefire-plugin/xsd/surefire-test-report-3.0.xsd" version="3.0" name="TestSuite" time="0.608" tests="14" errors="0" skipped="0" failures="0">
  <properties>
[...]
</properties>
  <testcase name="testMCDC_Coupon_Empty" classname="OrderProcessorTest" time="0.013">
    <system-err><![CDATA[SLF4J: Failed to load class "org.slf4j.impl.StaticLoggerBinder".
SLF4J: Defaulting to no-operation (NOP) logger implementation
SLF4J: See http://www.slf4j.org/codes.html#StaticLoggerBinder for further details.
]]></system-err>
  </testcase>
  <testcase name="testMCDC_Coupon_Null" classname="OrderProcessorTest" time="0.0"/>
  <testcase name="testMCDC_Coupon_Sale10" classname="OrderProcessorTest" time="0.001"/>
  <testcase name="testMCDC_Coupon_Sale20" classname="OrderProcessorTest" time="0.0"/>
  <testcase name="testPath1_EmptyCart_ListRong" classname="OrderProcessorTest" time="0.002"/>
  <testcase name="testPath1_EmptyCart_Null" classname="OrderProcessorTest" time="0.0"/>
  <testcase name="testPath2_NoCoupon_NoMember_OnlineShip" classname="OrderProcessorTest" time="0.0"/>
  <testcase name="testPath3_NoCoupon_NoMember_CODShip" classname="OrderProcessorTest" time="0.001"/>
  <testcase name="testPath4_Sale10_NoMember_Online" classname="OrderProcessorTest" time="0.0"/>
  <testcase name="testPath5_Sale20_NoMember_COD" classname="OrderProcessorTest" time="0.001"/>
  <testcase name="testPath6_InvalidCoupon" classname="OrderProcessorTest" time="0.001"/>
  <testcase name="testPath7_GoldMember_Online" classname="OrderProcessorTest" time="0.0"/>
  <testcase name="testPath8_PlatinumMember_COD" classname="OrderProcessorTest" time="0.001"/>
  <testcase name="testPath9_NoShipWhenTotalGe500k" classname="OrderProcessorTest" time="0.001"/>
</testsuite>