<?xml version="1.0" encoding="UTF-8"?>
<!-- Generated by org.testng.reporters.JUnitXMLReporter -->
<testsuite ignored="0" hostname="DESKTOP-M5Q8D8L" failures="0" tests="5" name="TitleTest" time="12.508" errors="0" timestamp="2026-03-10T14:06:12 ICT">
  <testcase classname="dtm.LoginTest" name="testLoginEmptyPassword" time="0.418"/>
  <testcase classname="dtm.LoginTest" name="testLoginEmptyUsername" time="0.383"/>
  <testcase classname="dtm.LoginTest" name="testLoginLockedUser" time="0.449"/>
  <testcase classname="dtm.LoginTest" name="testLoginSuccess" time="0.439"/>
  <testcase classname="dtm.LoginTest" name="testLoginWrongPassword" time="0.414"/>
</testsuite> <!-- TitleTest -->
