<?xml version="1.0" encoding="UTF-8"?>
<!-- Generated by org.testng.reporters.JUnitXMLReporter -->
<testsuite ignored="0" hostname="DESKTOP-M5Q8D8L" failures="0" tests="4" name="Surefire test" time="3.253" errors="0" timestamp="2026-03-24T13:16:31 ICT">
  <testcase classname="api.UserGetTest" name="testGetUserById3" time="1.347"/>
  <testcase classname="api.UserGetTest" name="testGetUserNotFound" time="0.03"/>
  <testcase classname="api.UserGetTest" name="testGetUsersPage1" time="0.108"/>
  <testcase classname="api.UserGetTest" name="testGetUsersPage2" time="0.131"/>
</testsuite> <!-- Surefire test -->
