<?xml version="1.0" encoding="UTF-8"?>
<!-- Generated by org.testng.reporters.JUnitReportReporter -->
<testsuite hostname="DESKTOP-M5Q8D8L" failures="0" tests="14" name="OrderProcessorTest" time="0.024" errors="0" timestamp="2026-03-10T15:33:36 ICT" skipped="0">
  <testcase classname="OrderProcessorTest" name="testPath5_Sale20_NoMember_COD" time="0.000"/>
  <testcase classname="OrderProcessorTest" name="testPath6_InvalidCoupon" time="0.001"/>
  <testcase classname="OrderProcessorTest" name="testPath8_PlatinumMember_COD" time="0.002"/>
  <testcase classname="OrderProcessorTest" name="testPath9_NoShipWhenTotalGe500k" time="0.000"/>
  <testcase classname="OrderProcessorTest" name="testPath1_EmptyCart_ListRong" time="0.001"/>
  <testcase classname="OrderProcessorTest" name="testPath7_GoldMember_Online" time="0.001"/>
  <testcase classname="OrderProcessorTest" name="testPath1_EmptyCart_Null" time="0.001"/>
  <testcase classname="OrderProcessorTest" name="testPath2_NoCoupon_NoMember_OnlineShip" time="0.002"/>
  <testcase classname="OrderProcessorTest" name="testMCDC_Coupon_Sale10" time="0.000"/>
  <testcase classname="OrderProcessorTest" name="testPath3_NoCoupon_NoMember_CODShip" time="0.000"/>
  <testcase classname="OrderProcessorTest" name="testPath4_Sale10_NoMember_Online" time="0.000"/>
  <testcase classname="OrderProcessorTest" name="testMCDC_Coupon_Sale20" time="0.000"/>
  <testcase classname="OrderProcessorTest" name="testMCDC_Coupon_Empty" time="0.015"/>
  <testcase classname="OrderProcessorTest" name="testMCDC_Coupon_Null" time="0.001"/>
</testsuite> <!-- OrderProcessorTest -->
