<?xml version="1.0" encoding="UTF-8"?>
<!-- Generated by org.testng.reporters.JUnitXMLReporter -->
<testsuite ignored="0" hostname="DESKTOP-M5Q8D8L" failures="0" tests="6" name="TienNuocBranchTest" time="0.049" errors="0" timestamp="2026-03-10T14:44:28 ICT">
  <testcase classname="dtm.TienNuocBranchTest" name="testDanCuBac1" time="0.009"/>
  <testcase classname="dtm.TienNuocBranchTest" name="testDanCuBac2" time="0.001"/>
  <testcase classname="dtm.TienNuocBranchTest" name="testDanCuBac3" time="0.001"/>
  <testcase classname="dtm.TienNuocBranchTest" name="testHoNgheo" time="0.0"/>
  <testcase classname="dtm.TienNuocBranchTest" name="testKinhDoanh" time="0.0"/>
  <testcase classname="dtm.TienNuocBranchTest" name="testSoM3KhongHopLe" time="0.0"/>
</testsuite> <!-- TienNuocBranchTest -->
