<?xml version="1.0" encoding="UTF-8"?>
<!-- Generated by org.testng.reporters.JUnitReportReporter -->
<testsuite hostname="DESKTOP-M5Q8D8L" failures="0" tests="6" name="api.PerformanceAssertionTest" time="1.815" errors="0" timestamp="2026-03-24T14:57:21 ICT" skipped="0">
  <testcase classname="api.PerformanceAssertionTest" name="testSlaForApis" time="0.051"/>
  <testcase classname="api.PerformanceAssertionTest" name="testSlaForApis" time="0.032"/>
  <testcase classname="api.PerformanceAssertionTest" name="testSlaForApis" time="0.023"/>
  <testcase classname="api.PerformanceAssertionTest" name="testMonitoringUsersApi10Times" time="0.960"/>
  <testcase classname="api.PerformanceAssertionTest" name="testSlaForApis" time="0.032"/>
  <testcase classname="api.PerformanceAssertionTest" name="testSlaForApis" time="0.717"/>
</testsuite> <!-- api.PerformanceAssertionTest -->
