<?xml version="1.0" encoding="UTF-8"?>
<!-- Generated by org.testng.reporters.JUnitReportReporter -->
<testsuite hostname="DESKTOP-M5Q8D8L" failures="0" tests="8" name="PhiShipBasisPathTest" time="0.014" errors="0" timestamp="2026-03-10T15:02:45 ICT" skipped="0">
  <testcase classname="PhiShipBasisPathTest" name="testPath2" time="0.000"/>
  <testcase classname="PhiShipBasisPathTest" name="testPath6" time="0.000"/>
  <testcase classname="PhiShipBasisPathTest" name="testPath8" time="0.001"/>
  <testcase classname="PhiShipBasisPathTest" name="testPath7" time="0.000"/>
  <testcase classname="PhiShipBasisPathTest" name="testPath1_InvalidWeight" time="0.011"/>
  <testcase classname="PhiShipBasisPathTest" name="testPath5" time="0.000"/>
  <testcase classname="PhiShipBasisPathTest" name="testPath4" time="0.001"/>
  <testcase classname="PhiShipBasisPathTest" name="testPath3" time="0.001"/>
</testsuite> <!-- PhiShipBasisPathTest -->
