<?xml version="1.0" encoding="UTF-8"?>
<!-- Generated by org.testng.reporters.JUnitReportReporter -->
<testsuite hostname="DESKTOP-M5Q8D8L" failures="0" tests="2" name="dtm.ParallelLoginTest" time="26.004" errors="0" timestamp="2026-03-10T14:30:44 ICT" skipped="0">
  <testcase classname="dtm.ParallelLoginTest" name="testLoginPageTitleParallel" time="13.323"/>
  <testcase classname="dtm.ParallelLoginTest" name="testLoginSuccessParallel" time="12.681"/>
</testsuite> <!-- dtm.ParallelLoginTest -->
