<?xml version="1.0" encoding="UTF-8"?>
<!-- Generated by org.testng.reporters.JUnitXMLReporter -->
<testsuite ignored="0" hostname="DESKTOP-M5Q8D8L" failures="0" tests="5" name="Surefire test" time="3.36" errors="0" timestamp="2026-03-24T14:15:01 ICT">
  <testcase classname="api.UserCrudTest" name="testCreateUser" time="1.536"/>
  <testcase classname="api.UserCrudTest" name="testUpdateUser" time="0.068"/>
  <testcase classname="api.UserCrudTest" name="testPatchUser" time="0.057"/>
  <testcase classname="api.UserCrudTest" name="testDeleteUser" time="0.027"/>
  <testcase classname="api.UserCrudTest" name="testPostThenGet" time="0.083"/>
</testsuite> <!-- Surefire test -->
