<?xml version="1.0" encoding="UTF-8"?>
<testng-results ignored="0" total="3" passed="3" failed="0" skipped="0">
  <reporter-output>
  </reporter-output>
  <suite started-at="2026-03-24T14:28:02 ICT" name="Surefire suite" finished-at="2026-03-24T14:28:05 ICT" duration-ms="3241">
    <groups>
    </groups>
    <test started-at="2026-03-24T14:28:02 ICT" name="Surefire test" finished-at="2026-03-24T14:28:05 ICT" duration-ms="3241">
      <class name="api.SchemaValidationTest">
        <test-method is-config="true" signature="setup()[pri:0, instance:api.SchemaValidationTest@cd3fee8]" started-at="2026-03-24T14:28:02 ICT" name="setup" finished-at="2026-03-24T14:28:03 ICT" duration-ms="1567" status="PASS">
          <reporter-output>
          </reporter-output>
        </test-method> <!-- setup -->
        <test-method signature="testCreateUserSchema()[pri:0, instance:api.SchemaValidationTest@cd3fee8]" started-at="2026-03-24T14:28:03 ICT" name="testCreateUserSchema" finished-at="2026-03-24T14:28:04 ICT" duration-ms="871" status="PASS">
          <reporter-output>
          </reporter-output>
        </test-method> <!-- testCreateUserSchema -->
        <test-method signature="testSingleUserSchema()[pri:0, instance:api.SchemaValidationTest@cd3fee8]" started-at="2026-03-24T14:28:04 ICT" name="testSingleUserSchema" finished-at="2026-03-24T14:28:04 ICT" duration-ms="65" status="PASS">
          <reporter-output>
          </reporter-output>
        </test-method> <!-- testSingleUserSchema -->
        <test-method signature="testUserListSchema()[pri:0, instance:api.SchemaValidationTest@cd3fee8]" started-at="2026-03-24T14:28:04 ICT" name="testUserListSchema" finished-at="2026-03-24T14:28:05 ICT" duration-ms="685" status="PASS">
          <reporter-output>
          </reporter-output>
        </test-method> <!-- testUserListSchema -->
        <test-method is-config="true" signature="teardown()[pri:0, instance:api.SchemaValidationTest@cd3fee8]" started-at="2026-03-24T14:28:05 ICT" name="teardown" finished-at="2026-03-24T14:28:05 ICT" duration-ms="10" status="PASS">
          <reporter-output>
          </reporter-output>
        </test-method> <!-- teardown -->
      </class> <!-- api.SchemaValidationTest -->
    </test> <!-- Surefire test -->
  </suite> <!-- Surefire suite -->
</testng-results>
