<?xml version="1.0" encoding="UTF-8"?>
<!-- Generated by org.testng.reporters.JUnitXMLReporter -->
<testsuite ignored="0" hostname="DESKTOP-M5Q8D8L" failures="0" tests="5" name="VayVonMCDCTest" time="0.056" errors="0" timestamp="2026-03-10T15:21:26 ICT">
  <testcase classname="VayVonMCDCTest" name="testMCDC_CoSo_DiemTinDungTot" time="0.01"/>
  <testcase classname="VayVonMCDCTest" name="testMCDC_CoTaiSanDocLap_True" time="0.0"/>
  <testcase classname="VayVonMCDCTest" name="testMCDC_DiemTinDungDocLap_ThapHon700" time="0.0"/>
  <testcase classname="VayVonMCDCTest" name="testMCDC_ThuNhapDocLap_ThapHon10Trieu" time="0.0"/>
  <testcase classname="VayVonMCDCTest" name="testMCDC_TuoiDocLap_ThapHon22" time="0.002"/>
</testsuite> <!-- VayVonMCDCTest -->
