<?xml version="1.0" encoding="UTF-8"?>
<!-- Generated by org.testng.reporters.JUnitReportReporter -->
<testsuite hostname="DESKTOP-M5Q8D8L" failures="0" tests="5" name="api.LoginDataDrivenTest" time="0.224" errors="0" timestamp="2026-03-24T14:41:27 ICT" skipped="0">
  <testcase classname="api.LoginDataDrivenTest" name="testLoginScenarios" time="0.035"/>
  <testcase classname="api.LoginDataDrivenTest" name="testLoginScenarios" time="0.033"/>
  <testcase classname="api.LoginDataDrivenTest" name="testLoginScenarios" time="0.097"/>
  <testcase classname="api.LoginDataDrivenTest" name="testLoginScenarios" time="0.030"/>
  <testcase classname="api.LoginDataDrivenTest" name="testLoginScenarios" time="0.029"/>
</testsuite> <!-- api.LoginDataDrivenTest -->
