<?xml version="1.0" encoding="UTF-8"?>
<!-- Generated by org.testng.reporters.JUnitReportReporter -->
<testsuite hostname="DESKTOP-M5Q8D8L" failures="0" tests="5" name="api.AuthorizationTest" time="1.577" errors="0" timestamp="2026-03-24T14:41:27 ICT" skipped="0">
  <testcase classname="api.AuthorizationTest" name="testRegisterMissingPassword" time="0.038"/>
  <testcase classname="api.AuthorizationTest" name="testRegisterSuccess" time="0.071"/>
  <testcase classname="api.AuthorizationTest" name="testLoginMissingEmail" time="1.323"/>
  <testcase classname="api.AuthorizationTest" name="testLoginMissingPassword" time="0.050"/>
  <testcase classname="api.AuthorizationTest" name="testLoginSuccess" time="0.095"/>
</testsuite> <!-- api.AuthorizationTest -->
