<?xml version="1.0" encoding="UTF-8"?>
<!-- Generated by org.testng.reporters.JUnitXMLReporter -->
<testsuite ignored="0" hostname="DESKTOP-M5Q8D8L" failures="0" tests="12" name="PhoneValidatorTest" time="0.082" errors="0" timestamp="2026-03-10T15:19:40 ICT">
  <testcase classname="PhoneValidatorTest" name="testBoundaryPrefix03" time="0.013"/>
  <testcase classname="PhoneValidatorTest" name="testBoundaryPrefix05" time="0.002"/>
  <testcase classname="PhoneValidatorTest" name="testEmptyPhone" time="0.0"/>
  <testcase classname="PhoneValidatorTest" name="testInvalidCharacter" time="0.001"/>
  <testcase classname="PhoneValidatorTest" name="testNullPhone" time="0.0"/>
  <testcase classname="PhoneValidatorTest" name="testOnlySpaces" time="0.0"/>
  <testcase classname="PhoneValidatorTest" name="testPhoneWithSpaces" time="0.001"/>
  <testcase classname="PhoneValidatorTest" name="testValidPhoneNormal" time="0.001"/>
  <testcase classname="PhoneValidatorTest" name="testValidPhoneWith84" time="0.003"/>
  <testcase classname="PhoneValidatorTest" name="testWrongLength" time="0.001"/>
  <testcase classname="PhoneValidatorTest" name="testWrongNetworkPrefix" time="0.001"/>
  <testcase classname="PhoneValidatorTest" name="testWrongPrefix" time="0.0"/>
</testsuite> <!-- PhoneValidatorTest -->
