<?xml version="1.0" encoding="UTF-8"?>
<!-- Generated by org.testng.reporters.JUnitXMLReporter -->
<testsuite ignored="0" hostname="DESKTOP-M5Q8D8L" failures="0" tests="4" name="Surefire test" time="3.533" errors="0" timestamp="2026-03-24T13:25:09 ICT">
  <testcase classname="api.UserGetTest" name="testGetUserById3" time="1.461"/>
  <testcase classname="api.UserGetTest" name="testGetUserNotFound" time="0.038"/>
  <testcase classname="api.UserGetTest" name="testGetUsersPage1" time="0.133"/>
  <testcase classname="api.UserGetTest" name="testGetUsersPage2" time="0.141"/>
</testsuite> <!-- Surefire test -->
