<?xml version="1.0" encoding="UTF-8"?>
<testng-results ignored="0" total="6" passed="6" failed="0" skipped="0">
  <reporter-output>
  </reporter-output>
  <suite started-at="2026-03-10T14:44:28 ICT" name="Suite3" finished-at="2026-03-10T14:44:28 ICT" duration-ms="49">
    <groups>
    </groups>
    <test started-at="2026-03-10T14:44:28 ICT" name="TienNuocBranchTest" finished-at="2026-03-10T14:44:28 ICT" duration-ms="49">
      <class name="dtm.TienNuocBranchTest">
        <test-method signature="testDanCuBac1()[pri:0, instance:dtm.TienNuocBranchTest@6ac13091]" started-at="2026-03-10T14:44:28 ICT" name="testDanCuBac1" description="N4-True: dan_cu, soM3 &lt;= 10" finished-at="2026-03-10T14:44:28 ICT" duration-ms="9" status="PASS">
          <reporter-output>
          </reporter-output>
        </test-method> <!-- testDanCuBac1 -->
        <test-method signature="testDanCuBac2()[pri:0, instance:dtm.TienNuocBranchTest@6ac13091]" started-at="2026-03-10T14:44:28 ICT" name="testDanCuBac2" description="N5-True: dan_cu, 10 &lt; soM3 &lt;= 20" finished-at="2026-03-10T14:44:28 ICT" duration-ms="1" status="PASS">
          <reporter-output>
          </reporter-output>
        </test-method> <!-- testDanCuBac2 -->
        <test-method signature="testDanCuBac3()[pri:0, instance:dtm.TienNuocBranchTest@6ac13091]" started-at="2026-03-10T14:44:28 ICT" name="testDanCuBac3" description="N5-False: dan_cu, soM3 &gt; 20" finished-at="2026-03-10T14:44:28 ICT" duration-ms="1" status="PASS">
          <reporter-output>
          </reporter-output>
        </test-method> <!-- testDanCuBac3 -->
        <test-method signature="testHoNgheo()[pri:0, instance:dtm.TienNuocBranchTest@6ac13091]" started-at="2026-03-10T14:44:28 ICT" name="testHoNgheo" description="N2-True: Khach hang ho_ngheo" finished-at="2026-03-10T14:44:28 ICT" duration-ms="0" status="PASS">
          <reporter-output>
          </reporter-output>
        </test-method> <!-- testHoNgheo -->
        <test-method signature="testKinhDoanh()[pri:0, instance:dtm.TienNuocBranchTest@6ac13091]" started-at="2026-03-10T14:44:28 ICT" name="testKinhDoanh" description="N3-False: Khach hang kinh_doanh" finished-at="2026-03-10T14:44:28 ICT" duration-ms="0" status="PASS">
          <reporter-output>
          </reporter-output>
        </test-method> <!-- testKinhDoanh -->
        <test-method signature="testSoM3KhongHopLe()[pri:0, instance:dtm.TienNuocBranchTest@6ac13091]" started-at="2026-03-10T14:44:28 ICT" name="testSoM3KhongHopLe" description="N1-True: soM3 &lt;= 0" finished-at="2026-03-10T14:44:28 ICT" duration-ms="0" status="PASS">
          <reporter-output>
          </reporter-output>
        </test-method> <!-- testSoM3KhongHopLe -->
      </class> <!-- dtm.TienNuocBranchTest -->
    </test> <!-- TienNuocBranchTest -->
  </suite> <!-- Suite3 -->
</testng-results>
