<?xml version="1.0" encoding="UTF-8"?>
<!-- Generated by org.testng.reporters.JUnitXMLReporter -->
<testsuite ignored="0" hostname="DESKTOP-M5Q8D8L" failures="0" tests="6" name="Surefire test" time="3.549" errors="0" timestamp="2026-03-24T14:57:21 ICT">
  <testcase classname="api.PerformanceAssertionTest" name="testMonitoringUsersApi10Times" time="0.96"/>
  <testcase classname="api.PerformanceAssertionTest" name="testSlaForApis" time="0.717"/>
  <testcase classname="api.PerformanceAssertionTest" name="testSlaForApis" time="0.032"/>
  <testcase classname="api.PerformanceAssertionTest" name="testSlaForApis" time="0.051"/>
  <testcase classname="api.PerformanceAssertionTest" name="testSlaForApis" time="0.032"/>
  <testcase classname="api.PerformanceAssertionTest" name="testSlaForApis" time="0.023"/>
</testsuite> <!-- Surefire test -->
