<?xml version="1.0" encoding="UTF-8"?>
<testng-results ignored="0" total="4" passed="4" failed="0" skipped="0">
  <reporter-output>
  </reporter-output>
  <suite started-at="2026-03-24T13:16:27 ICT" name="Surefire suite" finished-at="2026-03-24T13:16:31 ICT" duration-ms="3253">
    <groups>
    </groups>
    <test started-at="2026-03-24T13:16:27 ICT" name="Surefire test" finished-at="2026-03-24T13:16:31 ICT" duration-ms="3253">
      <class name="api.UserGetTest">
        <test-method is-config="true" signature="setupApi()[pri:0, instance:api.UserGetTest@49b0b76]" started-at="2026-03-24T13:16:28 ICT" name="setupApi" finished-at="2026-03-24T13:16:29 ICT" duration-ms="1579" status="PASS">
          <reporter-output>
          </reporter-output>
        </test-method> <!-- setupApi -->
        <test-method signature="testGetUserById3()[pri:0, instance:api.UserGetTest@49b0b76]" started-at="2026-03-24T13:16:29 ICT" name="testGetUserById3" description="GET /api/users/3 - kiểm tra id, email đúng domain reqres.in, first_name không rỗng" finished-at="2026-03-24T13:16:30 ICT" duration-ms="1347" status="PASS">
          <reporter-output>
          </reporter-output>
        </test-method> <!-- testGetUserById3 -->
        <test-method signature="testGetUserNotFound()[pri:0, instance:api.UserGetTest@49b0b76]" started-at="2026-03-24T13:16:30 ICT" name="testGetUserNotFound" description="GET /api/users/9999 - kiểm tra 404 và body rỗng" finished-at="2026-03-24T13:16:30 ICT" duration-ms="30" status="PASS">
          <reporter-output>
          </reporter-output>
        </test-method> <!-- testGetUserNotFound -->
        <test-method signature="testGetUsersPage1()[pri:0, instance:api.UserGetTest@49b0b76]" started-at="2026-03-24T13:16:30 ICT" name="testGetUsersPage1" description="GET /api/users?page=1 - kiểm tra status, page, total_pages và số lượng data" finished-at="2026-03-24T13:16:31 ICT" duration-ms="108" status="PASS">
          <reporter-output>
          </reporter-output>
        </test-method> <!-- testGetUsersPage1 -->
        <test-method signature="testGetUsersPage2()[pri:0, instance:api.UserGetTest@49b0b76]" started-at="2026-03-24T13:16:31 ICT" name="testGetUsersPage2" description="GET /api/users?page=2 - kiểm tra đầy đủ field của mỗi user" finished-at="2026-03-24T13:16:31 ICT" duration-ms="131" status="PASS">
          <reporter-output>
          </reporter-output>
        </test-method> <!-- testGetUsersPage2 -->
        <test-method is-config="true" signature="teardownApi()[pri:0, instance:api.UserGetTest@49b0b76]" started-at="2026-03-24T13:16:31 ICT" name="teardownApi" finished-at="2026-03-24T13:16:31 ICT" duration-ms="14" status="PASS">
          <reporter-output>
          </reporter-output>
        </test-method> <!-- teardownApi -->
      </class> <!-- api.UserGetTest -->
    </test> <!-- Surefire test -->
  </suite> <!-- Surefire suite -->
</testng-results>
