<?xml version="1.0" encoding="UTF-8"?>
<!-- Generated by org.testng.reporters.JUnitReportReporter -->
<testsuite hostname="DESKTOP-M5Q8D8L" failures="0" tests="4" name="api.UserGetTest" time="1.616" errors="0" timestamp="2026-03-24T13:16:31 ICT" skipped="0">
  <testcase classname="api.UserGetTest" name="testGetUsersPage1" time="0.108"/>
  <testcase classname="api.UserGetTest" name="testGetUserNotFound" time="0.030"/>
  <testcase classname="api.UserGetTest" name="testGetUserById3" time="1.347"/>
  <testcase classname="api.UserGetTest" name="testGetUsersPage2" time="0.131"/>
</testsuite> <!-- api.UserGetTest -->
