<?xml version="1.0" encoding="UTF-8"?>
<!-- Generated by org.testng.reporters.JUnitXMLReporter -->
<testsuite ignored="0" hostname="DESKTOP-M5Q8D8L" failures="0" tests="10" name="Surefire test" time="3.441" errors="0" timestamp="2026-03-24T14:41:27 ICT">
  <testcase classname="api.AuthorizationTest" name="testLoginMissingEmail" time="1.323"/>
  <testcase classname="api.AuthorizationTest" name="testLoginMissingPassword" time="0.05"/>
  <testcase classname="api.AuthorizationTest" name="testLoginSuccess" time="0.095"/>
  <testcase classname="api.AuthorizationTest" name="testRegisterMissingPassword" time="0.038"/>
  <testcase classname="api.AuthorizationTest" name="testRegisterSuccess" time="0.071"/>
  <testcase classname="api.LoginDataDrivenTest" name="testLoginScenarios" time="0.097"/>
  <testcase classname="api.LoginDataDrivenTest" name="testLoginScenarios" time="0.033"/>
  <testcase classname="api.LoginDataDrivenTest" name="testLoginScenarios" time="0.035"/>
  <testcase classname="api.LoginDataDrivenTest" name="testLoginScenarios" time="0.029"/>
  <testcase classname="api.LoginDataDrivenTest" name="testLoginScenarios" time="0.03"/>
</testsuite> <!-- Surefire test -->
