<?xml version="1.0" encoding="UTF-8"?>
<!-- Generated by org.testng.reporters.JUnitReportReporter -->
<testsuite hostname="DESKTOP-M5Q8D8L" failures="0" tests="4" name="dtm.TitleTest" time="13.190" errors="0" timestamp="2026-03-10T14:00:28 ICT" skipped="0">
  <testcase classname="dtm.TitleTest" name="testURL" time="2.948"/>
  <testcase classname="dtm.TitleTest" name="testPageSource" time="5.865"/>
  <testcase classname="dtm.TitleTest" name="testLoginFormDisplayed" time="2.052"/>
  <testcase classname="dtm.TitleTest" name="testTitle" time="2.325"/>
</testsuite> <!-- dtm.TitleTest -->
