<?xml version="1.0" encoding="UTF-8"?>
<!-- Generated by org.testng.reporters.JUnitReportReporter -->
<testsuite hostname="DESKTOP-M5Q8D8L" failures="0" tests="5" name="dtm.LoginTest" time="12.468" errors="0" timestamp="2026-03-10T14:06:12 ICT" skipped="0">
  <testcase classname="dtm.LoginTest" name="testLoginWrongPassword" time="2.231"/>
  <testcase classname="dtm.LoginTest" name="testLoginLockedUser" time="3.240"/>
  <testcase classname="dtm.LoginTest" name="testLoginSuccess" time="2.197"/>
  <testcase classname="dtm.LoginTest" name="testLoginEmptyPassword" time="2.479"/>
  <testcase classname="dtm.LoginTest" name="testLoginEmptyUsername" time="2.321"/>
</testsuite> <!-- dtm.LoginTest -->
